C51 COMPILER V9.60.0.0   LED8                                                              05/19/2022 14:08:29 PAGE 1   


C51 COMPILER V9.60.0.0, COMPILATION OF MODULE LED8
OBJECT MODULE PLACED IN .\Objects\LED8.obj
COMPILER INVOKED BY: D:\Keil\C51\BIN\C51.EXE LED8.c OPTIMIZE(8,SPEED) BROWSE DEBUG OBJECTEXTEND PRINT(.\Listings\LED8.ls
                    -t) TABS(2) OBJECT(.\Objects\LED8.obj)

line level    source

   1          #include <stc15.h>
   2          #include "led8.h"
   3          
   4          /*************  显示段码位码数据表    **************/
   5          u8 code t_display[]={                       //8段数字字库
   6          //   0    1    2    3    4    5    6    7    8    9    A    B    C    D    E    F
   7              0x3F,0x06,0x5B,0x4F,0x66,0x6D,0x7D,0x07,0x7F,0x6F,0x77,0x7C,0x39,0x5E,0x79,0x71,
   8          //black  -     H    J    K    L    N    o   P    U     t    G    Q    r   M    y
   9              0x00,0x40,0x76,0x1E,0x70,0x38,0x37,0x5C,0x73,0x3E,0x78,0x3d,0x67,0x50,0x37,0x6e,
  10              0xBF,0x86,0xDB,0xCF,0xE6,0xED,0xFD,0x87,0xFF,0xEF,0x46};    //0. 1. 2. 3. 4. 5. 6. 7. 8. 9. -1
  11          
  12          u8 code T_COM[]={0x01,0x02,0x04,0x08,0x10,0x20,0x40,0x80};      //位码
  13          
  14          
  15          /*************  IO口定义    **************/
  16          sbit    P_HC595_SER   = P4^0;   //pin 14    SER     data input
  17          sbit    P_HC595_RCLK  = P5^4;   //pin 12    RCLk    store (latch) clock
  18          sbit    P_HC595_SRCLK = P4^3;   //pin 11    SRCLK   Shift data clock
  19          
  20          /*************  本地变量声明    **************/
  21          u8  LED8[8];        //显示缓冲
  22          u8  display_index=0;  //显示位索引
  23          
  24          /**************** 向HC595发送一个字节函数 ******************/
  25          void Send_595(u8 dat)
  26          {       
  27   1          u8  i;
  28   1          for(i=0; i<8; i++)
  29   1          {
  30   2              dat <<= 1;
  31   2              P_HC595_SER   = CY;
  32   2              P_HC595_SRCLK = 1;
  33   2              P_HC595_SRCLK = 0;
  34   2          }
  35   1      }
  36          
  37          /********************** 显示扫描函数 ************************/
  38          void DisplayScan(void)
  39          {   
  40   1          Send_595(~T_COM[display_index]);                //输出位码
  41   1          Send_595(t_display[LED8[display_index]]);   //输出段码
  42   1      
  43   1          P_HC595_RCLK = 1;
  44   1          P_HC595_RCLK = 0;                           //锁存输出数据
  45   1          if(++display_index >= 8)    display_index = 0;  //8位结束回0
  46   1      }
  47          
  48          


MODULE INFORMATION:   STATIC OVERLAYABLE
   CODE SIZE        =     72    ----
   CONSTANT SIZE    =     51    ----
   XDATA SIZE       =   ----    ----
C51 COMPILER V9.60.0.0   LED8                                                              05/19/2022 14:08:29 PAGE 2   

   PDATA SIZE       =   ----    ----
   DATA SIZE        =      9    ----
   IDATA SIZE       =   ----    ----
   BIT SIZE         =   ----    ----
END OF MODULE INFORMATION.


C51 COMPILATION COMPLETE.  0 WARNING(S),  0 ERROR(S)
