C51 COMPILER V9.59.0.0   LED8                                                              06/05/2022 12:34:24 PAGE 1   


C51 COMPILER V9.59.0.0, COMPILATION OF MODULE LED8
OBJECT MODULE PLACED IN .\Objects\LED8.obj
COMPILER INVOKED BY: E:\Keil_v5\C51\BIN\C51.EXE LED8.c OPTIMIZE(8,SPEED) BROWSE DEBUG OBJECTEXTEND PRINT(.\Listings\LED8
                    -.lst) TABS(2) OBJECT(.\Objects\LED8.obj)

line level    source

   1          #include <stc15.h>
   2          #include "led8.h"
   3          
   4          /*************  显示段码位码数据表    **************/
   5          u8 code t_display[]={                       //8段数字字库
   6          //   0    1    2    3    4    5    6    7    8    9    A    B    C    D    E    F
   7              0x3F,0x06,0x5B,0x4F,0x66,0x6D,0x7D,0x07,0x7F,0x6F,0x77,0x7C,0x39,0x5E,0x79,0x71,
   8          // black  -    H    J    K    L    N    o    P    U     t    G    Q    r   M    y
   9              0x00,0x40,0x76,0x1E,0x70,0x38,0x37,0x5C,0x73,0x3E,0x78,0x3d,0x67,0x50,0x37,0x6e,
  10          //   0.   1.   2.   3.   4.   5.   6.   7.   8.   9.   -1
  11              0xBF,0x86,0xDB,0xCF,0xE6,0xED,0xFD,0x87,0xFF,0xEF,0x46};   
  12          
  13          u8 code T_COM[]={0x01,0x02,0x04,0x08,0x10,0x20,0x40,0x80};      //位码
  14          
  15          
  16          /*************  IO口定义    **************/
  17          sbit    P_HC595_SER   = P4^0;   //pin 14    SER     data input
  18          sbit    P_HC595_RCLK  = P5^4;   //pin 12    RCLk    store (latch) clock
  19          sbit    P_HC595_SRCLK = P4^3;   //pin 11    SRCLK   Shift data clock
  20          
  21          /*************  本地变量声明    **************/
  22          u8  LED8[8];        //显示缓冲
  23          static u8  display_index=0;  //显示位索引
  24          
  25          /**************** 向HC595发送一个字节函数 ******************/
  26          void Send_595(u8 dat)
  27          {       
  28   1          u8  i;
  29   1          for(i=0; i<8; i++)
  30   1          {
  31   2              dat <<= 1;
  32   2              P_HC595_SER   = CY;
  33   2              P_HC595_SRCLK = 1;
  34   2              P_HC595_SRCLK = 0;
  35   2          }
  36   1      }
  37          
  38          /********************** 显示扫描函数 ************************/
  39          void DisplayScan(void)
  40          {   
  41   1          Send_595(~T_COM[display_index]);                //输出位码
  42   1          Send_595(t_display[LED8[display_index]]);   //输出段码
  43   1      
  44   1          P_HC595_RCLK = 1;
  45   1          P_HC595_RCLK = 0;                           //锁存输出数据
  46   1          if(++display_index >= 8)    display_index = 0;  //8位结束回0
  47   1      }
  48          
  49          


MODULE INFORMATION:   STATIC OVERLAYABLE
   CODE SIZE        =     72    ----
   CONSTANT SIZE    =     51    ----
C51 COMPILER V9.59.0.0   LED8                                                              06/05/2022 12:34:24 PAGE 2   

   XDATA SIZE       =   ----    ----
   PDATA SIZE       =   ----    ----
   DATA SIZE        =      9    ----
   IDATA SIZE       =   ----    ----
   BIT SIZE         =   ----    ----
END OF MODULE INFORMATION.


C51 COMPILATION COMPLETE.  0 WARNING(S),  0 ERROR(S)
