C51 COMPILER V9.57.0.0   MAIN                                                              06/05/2022 12:24:05 PAGE 1   


C51 COMPILER V9.57.0.0, COMPILATION OF MODULE MAIN
OBJECT MODULE PLACED IN .\Objects\main.obj
COMPILER INVOKED BY: F:\Keil\C51\BIN\C51.EXE main.c OPTIMIZE(8,SPEED) BROWSE DEBUG OBJECTEXTEND PRINT(.\Listings\main.ls
                    -t) TABS(2) OBJECT(.\Objects\main.obj)

line level    source

   1          /*---------------------------------------------------------------------*/
   2          /* --- STC MCU International Limited ----------------------------------*/
   3          /* --- STC 1T Series MCU Demo Programme -------------------------------*/
   4          /* --- Mobile: (86)13922805190 ----------------------------------------*/
   5          /* --- Fax: 86-0513-55012956,55012947,55012969 ------------------------*/
   6          /* --- Tel: 86-0513-55012928,55012929,55012966 ------------------------*/
   7          /* --- Web: www.GXWMCU.com --------------------------------------------*/
   8          /* --- QQ:  800003751 -------------------------------------------------*/
   9          /* 如果要在程序中使用此代码,请在程序中注明使用了宏晶科技的资料及程序   */
  10          /*---------------------------------------------------------------------*/
  11          
  12          
  13          /*************  本程序功能说明  **************
  14          
  15          用STC的MCU的IO方式控制74HC595驱动8位数码管。
  16          
  17          显示效果为: 数码时钟.
  18          
  19          使用Timer0的16位自动重装来产生1ms节拍,程序运行于这个节拍下, 用户修改MCU主时钟频率时,自动定时于1ms.
  20          
  21          左边4位LED显示时间(小时,分钟), 右边最后两位显示按键值.
  22          
  23          ADC按键键码为1~16.
  24          
  25          按键只支持单键按下, 不支持多键同时按下, 那样将会有不可预知的结果.
  26          
  27          键按下超过1秒后,将以10键/秒的速度提供重键输出. 用户只需要检测KeyCode是否非0来判断键是否按下.
  28          
  29          调整时间键:
  30          键码1: 小时+.
  31          键码2: 小时-.
  32          键码3: 分钟+.
  33          键码4: 分钟-.
  34          
  35          
  36          ******************************************/
  37          
  38          #define   MAIN_Fosc   22118400L //定义主时钟
  39          
  40          #include  "STC15Fxxxx.H"
  41          
  42          
  43          #define Timer0_Reload (65536UL -(MAIN_Fosc / 1000))   //Timer 0 中断频率, 1000次/秒
  44          
  45          #define DIS_DOT   0x20
  46          #define DIS_BLACK 0x10
  47          #define DIS_    0x11
  48          
  49          
  50          
  51          
  52          u8 code t_display[]={           //标准字库
  53          //   0    1    2    3    4    5    6    7    8    9    A    B    C    D    E    F
  54            0x3F,0x06,0x5B,0x4F,0x66,0x6D,0x7D,0x07,0x7F,0x6F,0x77,0x7C,0x39,0x5E,0x79,0x71,
C51 COMPILER V9.57.0.0   MAIN                                                              06/05/2022 12:24:05 PAGE 2   

  55          //black  -     H    J  K    L    N  o   P  U     t    G    Q    r   M    y
  56            0x00,0x40,0x76,0x1E,0x70,0x38,0x37,0x5C,0x73,0x3E,0x78,0x3d,0x67,0x50,0x37,0x6e,
  57            0xBF,0x86,0xDB,0xCF,0xE6,0xED,0xFD,0x87,0xFF,0xEF,0x46};  //0. 1. 2. 3. 4. 5. 6. 7. 8. 9. -1
  58          
  59          u8 code T_COM[]={0x01,0x02,0x04,0x08,0x10,0x20,0x40,0x80};    //位码
  60          
  61          
  62          sbit  P_HC595_SER   = P4^0; //pin 14  SER   data input
  63          sbit  P_HC595_RCLK  = P5^4; //pin 12  RCLk  store (latch) clock
  64          sbit  P_HC595_SRCLK = P4^3; //pin 11  SRCLK Shift data clock
  65          
  66          
  67          u8  LED8[8];    //显示缓冲
  68          u8  display_index;  //显示位索引
  69          bit B_1ms;      //1ms标志
  70          
  71          u8  ADC_KeyState,ADC_KeyState1,ADC_KeyState2,ADC_KeyState3; //键状态
  72          u8  ADC_KeyHoldCnt; //键按下计时
  73          u8  KeyCode;  //给用户使用的键码, 1~16有效
  74          u8  cnt10ms;
  75          
  76          u8  hour,minute,second; //RTC变量
  77          u16 msecond;
  78          
  79          void  CalculateAdcKey(u16 adc);
  80          u16   Get_ADC10bitResult(u8 channel); //channel = 0~7
  81          void  DisplayRTC(void);
  82          void  RTC(void);
  83          
  84          
  85          
  86          
  87          /**********************************************/
  88          void main(void)
  89          {
  90   1        u8  i;
  91   1        u16 j;
  92   1      
  93   1        P0M1 = 0; P0M0 = 0; //设置为准双向口
  94   1        P1M1 = 0; P1M0 = 0; //设置为准双向口
  95   1        P2M1 = 0; P2M0 = 0; //设置为准双向口
  96   1        P3M1 = 0; P3M0 = 0; //设置为准双向口
  97   1        P4M1 = 0; P4M0 = 0; //设置为准双向口
  98   1        P5M1 = 0; P5M0 = 0; //设置为准双向口
  99   1        P6M1 = 0; P6M0 = 0; //设置为准双向口
 100   1        P7M1 = 0; P7M0 = 0; //设置为准双向口
 101   1        
 102   1        display_index = 0;
 103   1        P1ASF = 0x10;   //P1.4做ADC
 104   1        ADC_CONTR = 0xE0; //90T, ADC power on
 105   1        
 106   1        AUXR = 0x80;  //Timer0 set as 1T, 16 bits timer auto-reload, 
 107   1        TH0 = (u8)(Timer0_Reload / 256);
 108   1        TL0 = (u8)(Timer0_Reload % 256);
 109   1        ET0 = 1;  //Timer0 interrupt enable
 110   1        TR0 = 1;  //Tiner0 run
 111   1        EA = 1;   //打开总中断
 112   1        
 113   1        for(i=0; i<8; i++)  LED8[i] = 0x10; //上电消隐
 114   1      
 115   1        hour   = 12;  //初始化时间值
 116   1        minute = 0;
C51 COMPILER V9.57.0.0   MAIN                                                              06/05/2022 12:24:05 PAGE 3   

 117   1        second = 0;
 118   1        DisplayRTC();
 119   1      
 120   1        ADC_KeyState  = 0;
 121   1        ADC_KeyState1 = 0;
 122   1        ADC_KeyState2 = 0;
 123   1        ADC_KeyState3 = 0;  //键状态
 124   1        ADC_KeyHoldCnt = 0; //键按下计时
 125   1        KeyCode = 0;  //给用户使用的键码, 1~16有效
 126   1        cnt10ms = 0;
 127   1      
 128   1        while(1)
 129   1        {
 130   2          if(B_1ms) //1ms到
 131   2          {
 132   3            B_1ms = 0;
 133   3            if(++msecond >= 1000) //1秒到
 134   3            {
 135   4              msecond = 0;
 136   4              RTC();
 137   4              DisplayRTC();
 138   4            }
 139   3            if(msecond == 500)  DisplayRTC(); //小时后的小数点做秒闪
 140   3      
 141   3            if(++cnt10ms >= 10) //10ms读一次ADC
 142   3            {
 143   4              cnt10ms = 0;
 144   4              j = Get_ADC10bitResult(4);  //参数0~7,查询方式做一次ADC, 返回值就是结果, == 1024 为错误
 145   4              if(j < 1024)  CalculateAdcKey(j); //计算按键
 146   4                  
 147   4            }
 148   3      
 149   3            if(KeyCode > 0)   //有键按下
 150   3            {
 151   4              //LED8[6] = (KeyCode-1) / 10; //显示键码
 152   4              LED8[7] = (KeyCode-1);  //显示键码
 153   4      
 154   4              if(KeyCode == 1)  //hour +1
 155   4              {
 156   5                if(++hour >= 24)  hour = 0;
 157   5                DisplayRTC();
 158   5              }
 159   4              if(KeyCode == 2)  //hour -1
 160   4              {
 161   5                if(--hour >= 24)  hour = 23;
 162   5                DisplayRTC();
 163   5              }
 164   4              if(KeyCode == 3)  //minute +1
 165   4              {
 166   5                second = 0;
 167   5                if(++minute >= 60)  minute = 0;
 168   5                DisplayRTC();
 169   5              }
 170   4              if(KeyCode == 4)  //minute -1
 171   4              {
 172   5                second = 0;
 173   5                if(--minute >= 60)  minute = 59;
 174   5                DisplayRTC();
 175   5              }
 176   4      
 177   4              KeyCode = 0;
 178   4            }
C51 COMPILER V9.57.0.0   MAIN                                                              06/05/2022 12:24:05 PAGE 4   

 179   3      
 180   3          }
 181   2        }
 182   1      } 
 183          /**********************************************/
 184          
 185          
 186          
 187          /********************** 显示时钟函数 ************************/
 188          void  DisplayRTC(void)
 189          {
 190   1        return;
 191   1        if(hour >= 10)  LED8[0] = hour / 10;
 192   1        else      LED8[0] = DIS_BLACK;
 193   1        LED8[1] = hour % 10;
 194   1        LED8[2] = minute / 10;
 195   1        LED8[3] = minute % 10;
 196   1        if(msecond >= 500)    LED8[1] |= DIS_DOT; //小时后的小数点做秒闪
 197   1      }
 198          
 199          /********************** RTC演示函数 ************************/
 200          void  RTC(void)
 201          {
 202   1        if(++second >= 60)
 203   1        {
 204   2          second = 0;
 205   2          if(++minute >= 60)
 206   2          {
 207   3            minute = 0;
 208   3            if(++hour >= 24)  hour = 0;
 209   3          }
 210   2        }
 211   1      }
 212          
 213          
 214          //========================================================================
 215          // 函数: u16  Get_ADC10bitResult(u8 channel)
 216          // 描述: 查询法读一次ADC结果.
 217          // 参数: channel: 选择要转换的ADC.
 218          // 返回: 10位ADC结果.
 219          // 版本: V1.0, 2012-10-22
 220          //========================================================================
 221          u16 Get_ADC10bitResult(u8 channel)  //channel = 0~7
 222          {
 223   1        ADC_RES = 0;
 224   1        ADC_RESL = 0;
 225   1      
 226   1        ADC_CONTR = (ADC_CONTR & 0xe0) | 0x08 | channel;  //start the ADC
 227   1        NOP(4);
 228   1      
 229   1        while((ADC_CONTR & 0x10) == 0)  ; //wait for ADC finish
 230   1        ADC_CONTR &= ~0x10;   //清除ADC结束标志
 231   1        return  (((u16)ADC_RES << 2) | (ADC_RESL & 3));
 232   1      }
 233          
 234          /***************** ADC键盘计算键码 *****************************
 235          电路和软件算法设计: Coody
 236          本ADC键盘方案在很多实际产品设计中, 验证了其稳定可靠, 即使按键使用导电膜,都很可靠.
 237          16个键,理论上各个键对应的ADC值为 (1024 / 16) * k = 64 * k, k = 1 ~ 16, 特别的, k=16时,对应的ADC值是1023.
 238          但是实际会有偏差,则判断时限制这个偏差, ADC_OFFSET为+-偏差, 则ADC值在 (64*k-ADC_OFFSET) 与 (64*k+ADC_OFFSET
             -)之间为键有效.
 239          间隔一定的时间,就采样一次ADC,比如10ms.
C51 COMPILER V9.57.0.0   MAIN                                                              06/05/2022 12:24:05 PAGE 5   

 240          为了避免偶然的ADC值误判, 或者避免ADC在上升或下降时误判, 使用连续3次ADC值均在偏差范围内时, ADC值才认为有效.
 241          以上算法, 能保证读键非常可靠.
 242          **********************************************/
 243          #define ADC_OFFSET  16
 244          void  CalculateAdcKey(u16 adc)
 245          {
 246   1        u8  i;
 247   1        u16 j;
 248   1        
 249   1        if(adc < (64-ADC_OFFSET))
 250   1        {
 251   2          ADC_KeyState = 0; //键状态归0
 252   2          ADC_KeyHoldCnt = 0;
 253   2        }
 254   1        j = 64;
 255   1        for(i=1; i<=16; i++)
 256   1        {
 257   2          if((adc >= (j - ADC_OFFSET)) && (adc <= (j + ADC_OFFSET)))  break;  //判断是否在偏差范围内
 258   2          j += 64;
 259   2        }
 260   1        ADC_KeyState3 = ADC_KeyState2;
 261   1        ADC_KeyState2 = ADC_KeyState1;
 262   1        if(i > 16)  ADC_KeyState1 = 0;  //键无效
 263   1        else            //键有效
 264   1        {
 265   2          ADC_KeyState1 = i;
 266   2          if((ADC_KeyState3 == ADC_KeyState2) && (ADC_KeyState2 == ADC_KeyState1) &&
 267   2             (ADC_KeyState3 > 0) && (ADC_KeyState2 > 0) && (ADC_KeyState1 > 0))
 268   2          {
 269   3            if(ADC_KeyState == 0) //第一次检测到
 270   3            {
 271   4              KeyCode  = i; //保存键码
 272   4              ADC_KeyState = i; //保存键状态
 273   4              ADC_KeyHoldCnt = 0;
 274   4            }
 275   3            if(ADC_KeyState == i) //连续检测到同一键按着
 276   3            {
 277   4              if(++ADC_KeyHoldCnt >= 100) //按下1秒后,以10次每秒的速度Repeat Key
 278   4              {
 279   5                ADC_KeyHoldCnt = 90;
 280   5                KeyCode  = i; //保存键码
 281   5              }
 282   4            }
 283   3            else  ADC_KeyHoldCnt = 0; //按下时间计数归0
 284   3          }
 285   2        }
 286   1      }
 287          
 288          
 289          /**************** 向HC595发送一个字节函数 ******************/
 290          void Send_595(u8 dat)
 291          {   
 292   1        u8  i;
 293   1        for(i=0; i<8; i++)
 294   1        {
 295   2          dat <<= 1;
 296   2          P_HC595_SER   = CY;
 297   2          P_HC595_SRCLK = 1;
 298   2          P_HC595_SRCLK = 0;
 299   2        }
 300   1      }
 301          
C51 COMPILER V9.57.0.0   MAIN                                                              06/05/2022 12:24:05 PAGE 6   

 302          /********************** 显示扫描函数 ************************/
 303          void DisplayScan(void)
 304          { 
 305   1        Send_595(~T_COM[display_index]);        //输出位码
 306   1        Send_595(t_display[LED8[display_index]]); //输出段码
 307   1      
 308   1        P_HC595_RCLK = 1;
 309   1        P_HC595_RCLK = 0;             //锁存输出数据
 310   1        if(++display_index >= 8)  display_index = 0;  //8位结束回0
 311   1      }
 312          
 313          
 314          /********************** Timer0 1ms中断函数 ************************/
 315          void timer0 (void) interrupt TIMER0_VECTOR
 316          {
 317   1        DisplayScan();  //1ms扫描显示一位
 318   1        B_1ms = 1;    //1ms标志
 319   1      }
 320          
 321          
*** WARNING C294 IN LINE 191 OF main.c: unreachable code


MODULE INFORMATION:   STATIC OVERLAYABLE
   CODE SIZE        =    604    ----
   CONSTANT SIZE    =     51    ----
   XDATA SIZE       =   ----    ----
   PDATA SIZE       =   ----    ----
   DATA SIZE        =     21    ----
   IDATA SIZE       =   ----    ----
   BIT SIZE         =      1    ----
END OF MODULE INFORMATION.


C51 COMPILATION COMPLETE.  1 WARNING(S),  0 ERROR(S)
